[2025-04-17 12:57:10] Ostrzeżenie: Undefined array key "page_url"
Plik: /home/users/migdalta/public_html/szablon9/api/track_visit.php
Linia: 60
[2025-04-17 12:57:10] Ostrzeżenie: Undefined array key "user_agent"
Plik: /home/users/migdalta/public_html/szablon9/api/track_visit.php
Linia: 62
[2025-04-17 12:57:10] Ostrzeżenie: Undefined array key "screen_resolution"
Plik: /home/users/migdalta/public_html/szablon9/api/track_visit.php
Linia: 63
[2025-04-17 12:57:10] Ostrzeżenie: Undefined array key "visit_timestamp"
Plik: /home/users/migdalta/public_html/szablon9/api/track_visit.php
Linia: 65
[2025-04-17 12:57:12] Ostrzeżenie: Undefined array key "page_url"
Plik: /home/users/migdalta/public_html/szablon9/api/track_visit.php
Linia: 60
[2025-04-17 12:57:12] Ostrzeżenie: Undefined array key "user_agent"
Plik: /home/users/migdalta/public_html/szablon9/api/track_visit.php
Linia: 62
[2025-04-17 12:57:12] Ostrzeżenie: Undefined array key "screen_resolution"
Plik: /home/users/migdalta/public_html/szablon9/api/track_visit.php
Linia: 63
[2025-04-17 12:57:12] Ostrzeżenie: Undefined array key "visit_timestamp"
Plik: /home/users/migdalta/public_html/szablon9/api/track_visit.php
Linia: 65
[2025-04-17 12:57:19] Ostrzeżenie: Undefined array key "page_url"
Plik: /home/users/migdalta/public_html/szablon9/api/track_visit.php
Linia: 60
[2025-04-17 12:57:19] Ostrzeżenie: Undefined array key "user_agent"
Plik: /home/users/migdalta/public_html/szablon9/api/track_visit.php
Linia: 62
[2025-04-17 12:57:19] Ostrzeżenie: Undefined array key "screen_resolution"
Plik: /home/users/migdalta/public_html/szablon9/api/track_visit.php
Linia: 63
[2025-04-17 12:57:19] Ostrzeżenie: Undefined array key "visit_timestamp"
Plik: /home/users/migdalta/public_html/szablon9/api/track_visit.php
Linia: 65
[2025-04-17 12:57:21] Ostrzeżenie: Undefined array key "page_url"
Plik: /home/users/migdalta/public_html/szablon9/api/track_visit.php
Linia: 60
[2025-04-17 12:57:21] Ostrzeżenie: Undefined array key "user_agent"
Plik: /home/users/migdalta/public_html/szablon9/api/track_visit.php
Linia: 62
[2025-04-17 12:57:21] Ostrzeżenie: Undefined array key "screen_resolution"
Plik: /home/users/migdalta/public_html/szablon9/api/track_visit.php
Linia: 63
[2025-04-17 12:57:21] Ostrzeżenie: Undefined array key "visit_timestamp"
Plik: /home/users/migdalta/public_html/szablon9/api/track_visit.php
Linia: 65
[2025-04-17 12:58:03] Ostrzeżenie: Undefined array key "page_url"
Plik: /home/users/migdalta/public_html/szablon9/api/track_visit.php
Linia: 60
[2025-04-17 12:58:03] Ostrzeżenie: Undefined array key "user_agent"
Plik: /home/users/migdalta/public_html/szablon9/api/track_visit.php
Linia: 62
[2025-04-17 12:58:03] Ostrzeżenie: Undefined array key "screen_resolution"
Plik: /home/users/migdalta/public_html/szablon9/api/track_visit.php
Linia: 63
[2025-04-17 12:58:03] Ostrzeżenie: Undefined array key "visit_timestamp"
Plik: /home/users/migdalta/public_html/szablon9/api/track_visit.php
Linia: 65
[2025-04-17 12:58:11] Ostrzeżenie: Undefined array key "page_url"
Plik: /home/users/migdalta/public_html/szablon9/api/track_visit.php
Linia: 60
[2025-04-17 12:58:11] Ostrzeżenie: Undefined array key "user_agent"
Plik: /home/users/migdalta/public_html/szablon9/api/track_visit.php
Linia: 62
[2025-04-17 12:58:11] Ostrzeżenie: Undefined array key "screen_resolution"
Plik: /home/users/migdalta/public_html/szablon9/api/track_visit.php
Linia: 63
[2025-04-17 12:58:11] Ostrzeżenie: Undefined array key "visit_timestamp"
Plik: /home/users/migdalta/public_html/szablon9/api/track_visit.php
Linia: 65
[2025-04-17 12:58:17] Ostrzeżenie: Undefined array key "page_url"
Plik: /home/users/migdalta/public_html/szablon9/api/track_visit.php
Linia: 60
[2025-04-17 12:58:17] Ostrzeżenie: Undefined array key "user_agent"
Plik: /home/users/migdalta/public_html/szablon9/api/track_visit.php
Linia: 62
[2025-04-17 12:58:17] Ostrzeżenie: Undefined array key "screen_resolution"
Plik: /home/users/migdalta/public_html/szablon9/api/track_visit.php
Linia: 63
[2025-04-17 12:58:17] Ostrzeżenie: Undefined array key "visit_timestamp"
Plik: /home/users/migdalta/public_html/szablon9/api/track_visit.php
Linia: 65
[2025-04-17 12:59:16] Ostrzeżenie: Undefined array key "page_url"
Plik: /home/users/migdalta/public_html/szablon9/api/track_visit.php
Linia: 60
[2025-04-17 12:59:16] Ostrzeżenie: Undefined array key "user_agent"
Plik: /home/users/migdalta/public_html/szablon9/api/track_visit.php
Linia: 62
[2025-04-17 12:59:16] Ostrzeżenie: Undefined array key "screen_resolution"
Plik: /home/users/migdalta/public_html/szablon9/api/track_visit.php
Linia: 63
[2025-04-17 12:59:16] Ostrzeżenie: Undefined array key "visit_timestamp"
Plik: /home/users/migdalta/public_html/szablon9/api/track_visit.php
Linia: 65
[2025-04-17 12:59:26] Ostrzeżenie: Undefined array key "page_url"
Plik: /home/users/migdalta/public_html/szablon9/api/track_visit.php
Linia: 60
[2025-04-17 12:59:26] Ostrzeżenie: Undefined array key "user_agent"
Plik: /home/users/migdalta/public_html/szablon9/api/track_visit.php
Linia: 62
[2025-04-17 12:59:26] Ostrzeżenie: Undefined array key "screen_resolution"
Plik: /home/users/migdalta/public_html/szablon9/api/track_visit.php
Linia: 63
[2025-04-17 12:59:26] Ostrzeżenie: Undefined array key "visit_timestamp"
Plik: /home/users/migdalta/public_html/szablon9/api/track_visit.php
Linia: 65
[2025-04-17 12:59:44] Ostrzeżenie: Undefined array key "page_url"
Plik: /home/users/migdalta/public_html/szablon9/api/track_visit.php
Linia: 60
[2025-04-17 12:59:44] Ostrzeżenie: Undefined array key "user_agent"
Plik: /home/users/migdalta/public_html/szablon9/api/track_visit.php
Linia: 62
[2025-04-17 12:59:44] Ostrzeżenie: Undefined array key "screen_resolution"
Plik: /home/users/migdalta/public_html/szablon9/api/track_visit.php
Linia: 63
[2025-04-17 12:59:44] Ostrzeżenie: Undefined array key "visit_timestamp"
Plik: /home/users/migdalta/public_html/szablon9/api/track_visit.php
Linia: 65
[2025-04-17 13:02:49] Ostrzeżenie: Undefined array key "page_url"
Plik: /home/users/migdalta/public_html/szablon9/api/track_visit.php
Linia: 60
[2025-04-17 13:02:49] Ostrzeżenie: Undefined array key "user_agent"
Plik: /home/users/migdalta/public_html/szablon9/api/track_visit.php
Linia: 62
[2025-04-17 13:02:49] Ostrzeżenie: Undefined array key "screen_resolution"
Plik: /home/users/migdalta/public_html/szablon9/api/track_visit.php
Linia: 63
[2025-04-17 13:02:49] Ostrzeżenie: Undefined array key "visit_timestamp"
Plik: /home/users/migdalta/public_html/szablon9/api/track_visit.php
Linia: 65
[2025-04-17 13:09:06] Ostrzeżenie: Undefined array key "page_url"
Plik: /home/users/migdalta/public_html/szablon9/api/track_visit.php
Linia: 60
[2025-04-17 13:09:06] Ostrzeżenie: Undefined array key "user_agent"
Plik: /home/users/migdalta/public_html/szablon9/api/track_visit.php
Linia: 62
[2025-04-17 13:09:06] Ostrzeżenie: Undefined array key "screen_resolution"
Plik: /home/users/migdalta/public_html/szablon9/api/track_visit.php
Linia: 63
[2025-04-17 13:09:06] Ostrzeżenie: Undefined array key "visit_timestamp"
Plik: /home/users/migdalta/public_html/szablon9/api/track_visit.php
Linia: 65
[2025-04-17 13:09:08] Ostrzeżenie: Undefined array key "page_url"
Plik: /home/users/migdalta/public_html/szablon9/api/track_visit.php
Linia: 60
[2025-04-17 13:09:08] Ostrzeżenie: Undefined array key "user_agent"
Plik: /home/users/migdalta/public_html/szablon9/api/track_visit.php
Linia: 62
[2025-04-17 13:09:08] Ostrzeżenie: Undefined array key "screen_resolution"
Plik: /home/users/migdalta/public_html/szablon9/api/track_visit.php
Linia: 63
[2025-04-17 13:09:08] Ostrzeżenie: Undefined array key "visit_timestamp"
Plik: /home/users/migdalta/public_html/szablon9/api/track_visit.php
Linia: 65
[2025-04-17 13:09:31] Ostrzeżenie: Undefined array key "page_url"
Plik: /home/users/migdalta/public_html/szablon9/api/track_visit.php
Linia: 60
[2025-04-17 13:09:31] Ostrzeżenie: Undefined array key "user_agent"
Plik: /home/users/migdalta/public_html/szablon9/api/track_visit.php
Linia: 62
[2025-04-17 13:09:31] Ostrzeżenie: Undefined array key "screen_resolution"
Plik: /home/users/migdalta/public_html/szablon9/api/track_visit.php
Linia: 63
[2025-04-17 13:09:31] Ostrzeżenie: Undefined array key "visit_timestamp"
Plik: /home/users/migdalta/public_html/szablon9/api/track_visit.php
Linia: 65
[2025-04-17 13:38:18] Ostrzeżenie: Undefined array key "page_url"
Plik: /home/users/migdalta/public_html/szablon9/api/track_visit.php
Linia: 60
[2025-04-17 13:38:18] Ostrzeżenie: Undefined array key "user_agent"
Plik: /home/users/migdalta/public_html/szablon9/api/track_visit.php
Linia: 62
[2025-04-17 13:38:18] Ostrzeżenie: Undefined array key "screen_resolution"
Plik: /home/users/migdalta/public_html/szablon9/api/track_visit.php
Linia: 63
[2025-04-17 13:38:18] Ostrzeżenie: Undefined array key "visit_timestamp"
Plik: /home/users/migdalta/public_html/szablon9/api/track_visit.php
Linia: 65
[2025-04-17 13:38:33] Ostrzeżenie: Undefined array key "page_url"
Plik: /home/users/migdalta/public_html/szablon9/api/track_visit.php
Linia: 60
[2025-04-17 13:38:33] Ostrzeżenie: Undefined array key "user_agent"
Plik: /home/users/migdalta/public_html/szablon9/api/track_visit.php
Linia: 62
[2025-04-17 13:38:33] Ostrzeżenie: Undefined array key "screen_resolution"
Plik: /home/users/migdalta/public_html/szablon9/api/track_visit.php
Linia: 63
[2025-04-17 13:38:33] Ostrzeżenie: Undefined array key "visit_timestamp"
Plik: /home/users/migdalta/public_html/szablon9/api/track_visit.php
Linia: 65
[2025-04-17 13:39:33] Ostrzeżenie: Undefined array key "page_url"
Plik: /home/users/migdalta/public_html/szablon9/api/track_visit.php
Linia: 60
[2025-04-17 13:39:33] Ostrzeżenie: Undefined array key "user_agent"
Plik: /home/users/migdalta/public_html/szablon9/api/track_visit.php
Linia: 62
[2025-04-17 13:39:33] Ostrzeżenie: Undefined array key "screen_resolution"
Plik: /home/users/migdalta/public_html/szablon9/api/track_visit.php
Linia: 63
[2025-04-17 13:39:33] Ostrzeżenie: Undefined array key "visit_timestamp"
Plik: /home/users/migdalta/public_html/szablon9/api/track_visit.php
Linia: 65
[2025-04-17 13:43:34] Ostrzeżenie: Undefined array key "page_url"
Plik: /home/users/migdalta/public_html/szablon9/api/track_visit.php
Linia: 60
[2025-04-17 13:43:34] Ostrzeżenie: Undefined array key "user_agent"
Plik: /home/users/migdalta/public_html/szablon9/api/track_visit.php
Linia: 62
[2025-04-17 13:43:34] Ostrzeżenie: Undefined array key "screen_resolution"
Plik: /home/users/migdalta/public_html/szablon9/api/track_visit.php
Linia: 63
[2025-04-17 13:43:34] Ostrzeżenie: Undefined array key "visit_timestamp"
Plik: /home/users/migdalta/public_html/szablon9/api/track_visit.php
Linia: 65
[2025-04-17 13:43:35] Ostrzeżenie: Undefined array key "page_url"
Plik: /home/users/migdalta/public_html/szablon9/api/track_visit.php
Linia: 60
[2025-04-17 13:43:35] Ostrzeżenie: Undefined array key "user_agent"
Plik: /home/users/migdalta/public_html/szablon9/api/track_visit.php
Linia: 62
[2025-04-17 13:43:35] Ostrzeżenie: Undefined array key "screen_resolution"
Plik: /home/users/migdalta/public_html/szablon9/api/track_visit.php
Linia: 63
[2025-04-17 13:43:35] Ostrzeżenie: Undefined array key "visit_timestamp"
Plik: /home/users/migdalta/public_html/szablon9/api/track_visit.php
Linia: 65
[2025-04-17 13:44:22] Ostrzeżenie: Undefined array key "page_url"
Plik: /home/users/migdalta/public_html/szablon9/api/track_visit.php
Linia: 60
[2025-04-17 13:44:22] Ostrzeżenie: Undefined array key "user_agent"
Plik: /home/users/migdalta/public_html/szablon9/api/track_visit.php
Linia: 62
[2025-04-17 13:44:22] Ostrzeżenie: Undefined array key "screen_resolution"
Plik: /home/users/migdalta/public_html/szablon9/api/track_visit.php
Linia: 63
[2025-04-17 13:44:22] Ostrzeżenie: Undefined array key "visit_timestamp"
Plik: /home/users/migdalta/public_html/szablon9/api/track_visit.php
Linia: 65
[2025-04-17 15:46:48] Ostrzeżenie: Undefined array key "page_url"
Plik: /home/users/migdalta/public_html/szablon9/api/track_visit.php
Linia: 60
[2025-04-17 15:46:48] Ostrzeżenie: Undefined array key "user_agent"
Plik: /home/users/migdalta/public_html/szablon9/api/track_visit.php
Linia: 62
[2025-04-17 15:46:48] Ostrzeżenie: Undefined array key "screen_resolution"
Plik: /home/users/migdalta/public_html/szablon9/api/track_visit.php
Linia: 63
[2025-04-17 15:46:48] Ostrzeżenie: Undefined array key "visit_timestamp"
Plik: /home/users/migdalta/public_html/szablon9/api/track_visit.php
Linia: 65
[2025-04-17 15:46:56] Ostrzeżenie: Undefined array key "page_url"
Plik: /home/users/migdalta/public_html/szablon9/api/track_visit.php
Linia: 60
[2025-04-17 15:46:56] Ostrzeżenie: Undefined array key "user_agent"
Plik: /home/users/migdalta/public_html/szablon9/api/track_visit.php
Linia: 62
[2025-04-17 15:46:56] Ostrzeżenie: Undefined array key "screen_resolution"
Plik: /home/users/migdalta/public_html/szablon9/api/track_visit.php
Linia: 63
[2025-04-17 15:46:56] Ostrzeżenie: Undefined array key "visit_timestamp"
Plik: /home/users/migdalta/public_html/szablon9/api/track_visit.php
Linia: 65
[2025-04-17 16:15:37] Ostrzeżenie: Undefined array key "page_url"
Plik: /home/users/migdalta/public_html/szablon9/api/track_visit.php
Linia: 60
[2025-04-17 16:15:37] Ostrzeżenie: Undefined array key "user_agent"
Plik: /home/users/migdalta/public_html/szablon9/api/track_visit.php
Linia: 62
[2025-04-17 16:15:37] Ostrzeżenie: Undefined array key "screen_resolution"
Plik: /home/users/migdalta/public_html/szablon9/api/track_visit.php
Linia: 63
[2025-04-17 16:15:37] Ostrzeżenie: Undefined array key "visit_timestamp"
Plik: /home/users/migdalta/public_html/szablon9/api/track_visit.php
Linia: 65
[2025-04-17 16:16:27] Ostrzeżenie: Undefined array key "page_url"
Plik: /home/users/migdalta/public_html/szablon9/api/track_visit.php
Linia: 60
[2025-04-17 16:16:27] Ostrzeżenie: Undefined array key "user_agent"
Plik: /home/users/migdalta/public_html/szablon9/api/track_visit.php
Linia: 62
[2025-04-17 16:16:27] Ostrzeżenie: Undefined array key "screen_resolution"
Plik: /home/users/migdalta/public_html/szablon9/api/track_visit.php
Linia: 63
[2025-04-17 16:16:27] Ostrzeżenie: Undefined array key "visit_timestamp"
Plik: /home/users/migdalta/public_html/szablon9/api/track_visit.php
Linia: 65
[2025-04-17 16:16:27] Ostrzeżenie: Undefined array key "page_url"
Plik: /home/users/migdalta/public_html/szablon9/api/track_visit.php
Linia: 60
[2025-04-17 16:16:27] Ostrzeżenie: Undefined array key "user_agent"
Plik: /home/users/migdalta/public_html/szablon9/api/track_visit.php
Linia: 62
[2025-04-17 16:16:27] Ostrzeżenie: Undefined array key "screen_resolution"
Plik: /home/users/migdalta/public_html/szablon9/api/track_visit.php
Linia: 63
[2025-04-17 16:16:27] Ostrzeżenie: Undefined array key "visit_timestamp"
Plik: /home/users/migdalta/public_html/szablon9/api/track_visit.php
Linia: 65
[2025-04-17 17:01:29] Ostrzeżenie: Undefined array key "page_url"
Plik: /home/users/migdalta/public_html/szablon9/api/track_visit.php
Linia: 60
[2025-04-17 17:01:29] Ostrzeżenie: Undefined array key "user_agent"
Plik: /home/users/migdalta/public_html/szablon9/api/track_visit.php
Linia: 62
[2025-04-17 17:01:29] Ostrzeżenie: Undefined array key "screen_resolution"
Plik: /home/users/migdalta/public_html/szablon9/api/track_visit.php
Linia: 63
[2025-04-17 17:01:29] Ostrzeżenie: Undefined array key "visit_timestamp"
Plik: /home/users/migdalta/public_html/szablon9/api/track_visit.php
Linia: 65
[2025-04-17 17:07:25] Ostrzeżenie: Undefined array key "page_url"
Plik: /home/users/migdalta/public_html/szablon9/api/track_visit.php
Linia: 60
[2025-04-17 17:07:25] Ostrzeżenie: Undefined array key "user_agent"
Plik: /home/users/migdalta/public_html/szablon9/api/track_visit.php
Linia: 62
[2025-04-17 17:07:25] Ostrzeżenie: Undefined array key "screen_resolution"
Plik: /home/users/migdalta/public_html/szablon9/api/track_visit.php
Linia: 63
[2025-04-17 17:07:25] Ostrzeżenie: Undefined array key "visit_timestamp"
Plik: /home/users/migdalta/public_html/szablon9/api/track_visit.php
Linia: 65
[2025-04-17 17:07:40] Ostrzeżenie: Undefined array key "page_url"
Plik: /home/users/migdalta/public_html/szablon9/api/track_visit.php
Linia: 60
[2025-04-17 17:07:40] Ostrzeżenie: Undefined array key "user_agent"
Plik: /home/users/migdalta/public_html/szablon9/api/track_visit.php
Linia: 62
[2025-04-17 17:07:40] Ostrzeżenie: Undefined array key "screen_resolution"
Plik: /home/users/migdalta/public_html/szablon9/api/track_visit.php
Linia: 63
[2025-04-17 17:07:40] Ostrzeżenie: Undefined array key "visit_timestamp"
Plik: /home/users/migdalta/public_html/szablon9/api/track_visit.php
Linia: 65
[2025-04-17 17:31:12] Ostrzeżenie: Undefined array key "page_url"
Plik: /home/users/migdalta/public_html/szablon9/api/track_visit.php
Linia: 60
[2025-04-17 17:31:12] Ostrzeżenie: Undefined array key "user_agent"
Plik: /home/users/migdalta/public_html/szablon9/api/track_visit.php
Linia: 62
[2025-04-17 17:31:12] Ostrzeżenie: Undefined array key "screen_resolution"
Plik: /home/users/migdalta/public_html/szablon9/api/track_visit.php
Linia: 63
[2025-04-17 17:31:12] Ostrzeżenie: Undefined array key "visit_timestamp"
Plik: /home/users/migdalta/public_html/szablon9/api/track_visit.php
Linia: 65
[2025-04-17 17:45:03] Ostrzeżenie: Undefined array key "page_url"
Plik: /home/users/migdalta/public_html/szablon9/api/track_visit.php
Linia: 60
[2025-04-17 17:45:03] Ostrzeżenie: Undefined array key "user_agent"
Plik: /home/users/migdalta/public_html/szablon9/api/track_visit.php
Linia: 62
[2025-04-17 17:45:03] Ostrzeżenie: Undefined array key "screen_resolution"
Plik: /home/users/migdalta/public_html/szablon9/api/track_visit.php
Linia: 63
[2025-04-17 17:45:03] Ostrzeżenie: Undefined array key "visit_timestamp"
Plik: /home/users/migdalta/public_html/szablon9/api/track_visit.php
Linia: 65
[2025-04-17 18:13:09] Ostrzeżenie: Undefined array key "page_url"
Plik: /home/users/migdalta/public_html/szablon9/api/track_visit.php
Linia: 60
[2025-04-17 18:13:09] Ostrzeżenie: Undefined array key "user_agent"
Plik: /home/users/migdalta/public_html/szablon9/api/track_visit.php
Linia: 62
[2025-04-17 18:13:09] Ostrzeżenie: Undefined array key "screen_resolution"
Plik: /home/users/migdalta/public_html/szablon9/api/track_visit.php
Linia: 63
[2025-04-17 18:13:09] Ostrzeżenie: Undefined array key "visit_timestamp"
Plik: /home/users/migdalta/public_html/szablon9/api/track_visit.php
Linia: 65
[2025-04-17 18:13:13] Ostrzeżenie: Undefined array key "page_url"
Plik: /home/users/migdalta/public_html/szablon9/api/track_visit.php
Linia: 60
[2025-04-17 18:13:13] Ostrzeżenie: Undefined array key "user_agent"
Plik: /home/users/migdalta/public_html/szablon9/api/track_visit.php
Linia: 62
[2025-04-17 18:13:13] Ostrzeżenie: Undefined array key "screen_resolution"
Plik: /home/users/migdalta/public_html/szablon9/api/track_visit.php
Linia: 63
[2025-04-17 18:13:13] Ostrzeżenie: Undefined array key "visit_timestamp"
Plik: /home/users/migdalta/public_html/szablon9/api/track_visit.php
Linia: 65
[2025-04-17 18:14:13] Ostrzeżenie: Undefined array key "page_url"
Plik: /home/users/migdalta/public_html/szablon9/api/track_visit.php
Linia: 60
[2025-04-17 18:14:13] Ostrzeżenie: Undefined array key "user_agent"
Plik: /home/users/migdalta/public_html/szablon9/api/track_visit.php
Linia: 62
[2025-04-17 18:14:13] Ostrzeżenie: Undefined array key "screen_resolution"
Plik: /home/users/migdalta/public_html/szablon9/api/track_visit.php
Linia: 63
[2025-04-17 18:14:13] Ostrzeżenie: Undefined array key "visit_timestamp"
Plik: /home/users/migdalta/public_html/szablon9/api/track_visit.php
Linia: 65
[2025-04-17 18:14:14] Ostrzeżenie: Undefined array key "page_url"
Plik: /home/users/migdalta/public_html/szablon9/api/track_visit.php
Linia: 60
[2025-04-17 18:14:14] Ostrzeżenie: Undefined array key "user_agent"
Plik: /home/users/migdalta/public_html/szablon9/api/track_visit.php
Linia: 62
[2025-04-17 18:14:14] Ostrzeżenie: Undefined array key "screen_resolution"
Plik: /home/users/migdalta/public_html/szablon9/api/track_visit.php
Linia: 63
[2025-04-17 18:14:14] Ostrzeżenie: Undefined array key "visit_timestamp"
Plik: /home/users/migdalta/public_html/szablon9/api/track_visit.php
Linia: 65
[2025-04-17 18:14:50] Ostrzeżenie: Undefined array key "page_url"
Plik: /home/users/migdalta/public_html/szablon9/api/track_visit.php
Linia: 60
[2025-04-17 18:14:50] Ostrzeżenie: Undefined array key "user_agent"
Plik: /home/users/migdalta/public_html/szablon9/api/track_visit.php
Linia: 62
[2025-04-17 18:14:50] Ostrzeżenie: Undefined array key "screen_resolution"
Plik: /home/users/migdalta/public_html/szablon9/api/track_visit.php
Linia: 63
[2025-04-17 18:14:50] Ostrzeżenie: Undefined array key "visit_timestamp"
Plik: /home/users/migdalta/public_html/szablon9/api/track_visit.php
Linia: 65
[2025-04-17 18:15:21] Ostrzeżenie: Undefined array key "page_url"
Plik: /home/users/migdalta/public_html/szablon9/api/track_visit.php
Linia: 60
[2025-04-17 18:15:21] Ostrzeżenie: Undefined array key "user_agent"
Plik: /home/users/migdalta/public_html/szablon9/api/track_visit.php
Linia: 62
[2025-04-17 18:15:21] Ostrzeżenie: Undefined array key "screen_resolution"
Plik: /home/users/migdalta/public_html/szablon9/api/track_visit.php
Linia: 63
[2025-04-17 18:15:21] Ostrzeżenie: Undefined array key "visit_timestamp"
Plik: /home/users/migdalta/public_html/szablon9/api/track_visit.php
Linia: 65
[2025-04-18 11:56:58] Ostrzeżenie: Undefined array key "page_url"
Plik: /home/users/migdalta/public_html/szablon9/api/track_visit.php
Linia: 60
[2025-04-18 11:56:58] Ostrzeżenie: Undefined array key "user_agent"
Plik: /home/users/migdalta/public_html/szablon9/api/track_visit.php
Linia: 62
[2025-04-18 11:56:58] Ostrzeżenie: Undefined array key "screen_resolution"
Plik: /home/users/migdalta/public_html/szablon9/api/track_visit.php
Linia: 63
[2025-04-18 11:56:58] Ostrzeżenie: Undefined array key "visit_timestamp"
Plik: /home/users/migdalta/public_html/szablon9/api/track_visit.php
Linia: 65
[2025-04-18 11:56:58] Ostrzeżenie: Undefined array key "page_url"
Plik: /home/users/migdalta/public_html/szablon9/api/track_visit.php
Linia: 60
[2025-04-18 11:56:58] Ostrzeżenie: Undefined array key "user_agent"
Plik: /home/users/migdalta/public_html/szablon9/api/track_visit.php
Linia: 62
[2025-04-18 11:56:58] Ostrzeżenie: Undefined array key "screen_resolution"
Plik: /home/users/migdalta/public_html/szablon9/api/track_visit.php
Linia: 63
[2025-04-18 11:56:58] Ostrzeżenie: Undefined array key "visit_timestamp"
Plik: /home/users/migdalta/public_html/szablon9/api/track_visit.php
Linia: 65
[2025-04-18 11:57:03] Ostrzeżenie: Undefined array key "page_url"
Plik: /home/users/migdalta/public_html/szablon9/api/track_visit.php
Linia: 60
[2025-04-18 11:57:03] Ostrzeżenie: Undefined array key "user_agent"
Plik: /home/users/migdalta/public_html/szablon9/api/track_visit.php
Linia: 62
[2025-04-18 11:57:03] Ostrzeżenie: Undefined array key "screen_resolution"
Plik: /home/users/migdalta/public_html/szablon9/api/track_visit.php
Linia: 63
[2025-04-18 11:57:03] Ostrzeżenie: Undefined array key "visit_timestamp"
Plik: /home/users/migdalta/public_html/szablon9/api/track_visit.php
Linia: 65
[2025-04-18 11:57:56] Ostrzeżenie: Undefined array key "page_url"
Plik: /home/users/migdalta/public_html/szablon9/api/track_visit.php
Linia: 60
[2025-04-18 11:57:56] Ostrzeżenie: Undefined array key "user_agent"
Plik: /home/users/migdalta/public_html/szablon9/api/track_visit.php
Linia: 62
[2025-04-18 11:57:56] Ostrzeżenie: Undefined array key "screen_resolution"
Plik: /home/users/migdalta/public_html/szablon9/api/track_visit.php
Linia: 63
[2025-04-18 11:57:56] Ostrzeżenie: Undefined array key "visit_timestamp"
Plik: /home/users/migdalta/public_html/szablon9/api/track_visit.php
Linia: 65
[2025-04-18 11:58:15] Ostrzeżenie: Undefined array key "page_url"
Plik: /home/users/migdalta/public_html/szablon9/api/track_visit.php
Linia: 60
[2025-04-18 11:58:15] Ostrzeżenie: Undefined array key "user_agent"
Plik: /home/users/migdalta/public_html/szablon9/api/track_visit.php
Linia: 62
[2025-04-18 11:58:15] Ostrzeżenie: Undefined array key "screen_resolution"
Plik: /home/users/migdalta/public_html/szablon9/api/track_visit.php
Linia: 63
[2025-04-18 11:58:15] Ostrzeżenie: Undefined array key "visit_timestamp"
Plik: /home/users/migdalta/public_html/szablon9/api/track_visit.php
Linia: 65
[2025-04-18 11:59:31] Ostrzeżenie: Undefined array key "page_url"
Plik: /home/users/migdalta/public_html/szablon9/api/track_visit.php
Linia: 60
[2025-04-18 11:59:31] Ostrzeżenie: Undefined array key "user_agent"
Plik: /home/users/migdalta/public_html/szablon9/api/track_visit.php
Linia: 62
[2025-04-18 11:59:31] Ostrzeżenie: Undefined array key "screen_resolution"
Plik: /home/users/migdalta/public_html/szablon9/api/track_visit.php
Linia: 63
[2025-04-18 11:59:31] Ostrzeżenie: Undefined array key "visit_timestamp"
Plik: /home/users/migdalta/public_html/szablon9/api/track_visit.php
Linia: 65
[2025-04-18 11:59:40] Ostrzeżenie: Undefined array key "page_url"
Plik: /home/users/migdalta/public_html/szablon9/api/track_visit.php
Linia: 60
[2025-04-18 11:59:40] Ostrzeżenie: Undefined array key "user_agent"
Plik: /home/users/migdalta/public_html/szablon9/api/track_visit.php
Linia: 62
[2025-04-18 11:59:40] Ostrzeżenie: Undefined array key "screen_resolution"
Plik: /home/users/migdalta/public_html/szablon9/api/track_visit.php
Linia: 63
[2025-04-18 11:59:40] Ostrzeżenie: Undefined array key "visit_timestamp"
Plik: /home/users/migdalta/public_html/szablon9/api/track_visit.php
Linia: 65
[2025-04-18 11:59:40] Ostrzeżenie: Undefined array key "page_url"
Plik: /home/users/migdalta/public_html/szablon9/api/track_visit.php
Linia: 60
[2025-04-18 11:59:40] Ostrzeżenie: Undefined array key "user_agent"
Plik: /home/users/migdalta/public_html/szablon9/api/track_visit.php
Linia: 62
[2025-04-18 11:59:40] Ostrzeżenie: Undefined array key "screen_resolution"
Plik: /home/users/migdalta/public_html/szablon9/api/track_visit.php
Linia: 63
[2025-04-18 11:59:40] Ostrzeżenie: Undefined array key "visit_timestamp"
Plik: /home/users/migdalta/public_html/szablon9/api/track_visit.php
Linia: 65
[2025-04-18 11:59:49] Ostrzeżenie: Undefined array key "page_url"
Plik: /home/users/migdalta/public_html/szablon9/api/track_visit.php
Linia: 60
[2025-04-18 11:59:49] Ostrzeżenie: Undefined array key "user_agent"
Plik: /home/users/migdalta/public_html/szablon9/api/track_visit.php
Linia: 62
[2025-04-18 11:59:49] Ostrzeżenie: Undefined array key "screen_resolution"
Plik: /home/users/migdalta/public_html/szablon9/api/track_visit.php
Linia: 63
[2025-04-18 11:59:49] Ostrzeżenie: Undefined array key "visit_timestamp"
Plik: /home/users/migdalta/public_html/szablon9/api/track_visit.php
Linia: 65
[2025-04-18 11:59:51] Ostrzeżenie: Undefined array key "page_url"
Plik: /home/users/migdalta/public_html/szablon9/api/track_visit.php
Linia: 60
[2025-04-18 11:59:51] Ostrzeżenie: Undefined array key "user_agent"
Plik: /home/users/migdalta/public_html/szablon9/api/track_visit.php
Linia: 62
[2025-04-18 11:59:51] Ostrzeżenie: Undefined array key "screen_resolution"
Plik: /home/users/migdalta/public_html/szablon9/api/track_visit.php
Linia: 63
[2025-04-18 11:59:51] Ostrzeżenie: Undefined array key "visit_timestamp"
Plik: /home/users/migdalta/public_html/szablon9/api/track_visit.php
Linia: 65
