[18-Apr-2025 11:22:01 Europe/Warsaw] PHP Fatal error:  Uncaught Error: Call to a member function setAttribute() on null in /home/users/migdalta/public_html/szablon9/track_visit.php:171
Stack trace:
#0 {main}
  thrown in /home/users/migdalta/public_html/szablon9/track_visit.php on line 171
[18-Apr-2025 11:22:37 Europe/Warsaw] PHP Fatal error:  Uncaught Error: Call to a member function setAttribute() on null in /home/users/migdalta/public_html/szablon9/track_visit.php:171
Stack trace:
#0 {main}
  thrown in /home/users/migdalta/public_html/szablon9/track_visit.php on line 171
[18-Apr-2025 11:22:37 Europe/Warsaw] PHP Fatal error:  Uncaught Error: Call to a member function setAttribute() on null in /home/users/migdalta/public_html/szablon9/track_visit.php:171
Stack trace:
#0 {main}
  thrown in /home/users/migdalta/public_html/szablon9/track_visit.php on line 171
[18-Apr-2025 11:22:39 Europe/Warsaw] PHP Fatal error:  Uncaught Error: Call to a member function setAttribute() on null in /home/users/migdalta/public_html/szablon9/track_visit.php:171
Stack trace:
#0 {main}
  thrown in /home/users/migdalta/public_html/szablon9/track_visit.php on line 171
[18-Apr-2025 11:22:39 Europe/Warsaw] PHP Fatal error:  Uncaught Error: Call to a member function setAttribute() on null in /home/users/migdalta/public_html/szablon9/track_visit.php:171
Stack trace:
#0 {main}
  thrown in /home/users/migdalta/public_html/szablon9/track_visit.php on line 171
[18-Apr-2025 11:22:39 Europe/Warsaw] PHP Fatal error:  Uncaught Error: Call to a member function setAttribute() on null in /home/users/migdalta/public_html/szablon9/track_visit.php:171
Stack trace:
#0 {main}
  thrown in /home/users/migdalta/public_html/szablon9/track_visit.php on line 171
[18-Apr-2025 11:22:52 Europe/Warsaw] PHP Fatal error:  Uncaught Error: Call to a member function setAttribute() on null in /home/users/migdalta/public_html/szablon9/track_visit.php:171
Stack trace:
#0 {main}
  thrown in /home/users/migdalta/public_html/szablon9/track_visit.php on line 171
[18-Apr-2025 11:22:52 Europe/Warsaw] PHP Fatal error:  Uncaught Error: Call to a member function setAttribute() on null in /home/users/migdalta/public_html/szablon9/track_visit.php:171
Stack trace:
#0 {main}
  thrown in /home/users/migdalta/public_html/szablon9/track_visit.php on line 171
[18-Apr-2025 11:22:52 Europe/Warsaw] PHP Fatal error:  Uncaught Error: Call to a member function setAttribute() on null in /home/users/migdalta/public_html/szablon9/track_visit.php:171
Stack trace:
#0 {main}
  thrown in /home/users/migdalta/public_html/szablon9/track_visit.php on line 171
[18-Apr-2025 11:23:22 Europe/Warsaw] PHP Fatal error:  Uncaught Error: Call to a member function setAttribute() on null in /home/users/migdalta/public_html/szablon9/track_visit.php:171
Stack trace:
#0 {main}
  thrown in /home/users/migdalta/public_html/szablon9/track_visit.php on line 171
[18-Apr-2025 11:23:52 Europe/Warsaw] PHP Fatal error:  Uncaught Error: Call to a member function setAttribute() on null in /home/users/migdalta/public_html/szablon9/track_visit.php:171
Stack trace:
#0 {main}
  thrown in /home/users/migdalta/public_html/szablon9/track_visit.php on line 171
[18-Apr-2025 11:24:22 Europe/Warsaw] PHP Fatal error:  Uncaught Error: Call to a member function setAttribute() on null in /home/users/migdalta/public_html/szablon9/track_visit.php:171
Stack trace:
#0 {main}
  thrown in /home/users/migdalta/public_html/szablon9/track_visit.php on line 171
[18-Apr-2025 11:24:52 Europe/Warsaw] PHP Fatal error:  Uncaught Error: Call to a member function setAttribute() on null in /home/users/migdalta/public_html/szablon9/track_visit.php:171
Stack trace:
#0 {main}
  thrown in /home/users/migdalta/public_html/szablon9/track_visit.php on line 171
[18-Apr-2025 11:25:51 Europe/Warsaw] PHP Fatal error:  Uncaught Error: Call to a member function setAttribute() on null in /home/users/migdalta/public_html/szablon9/track_visit.php:171
Stack trace:
#0 {main}
  thrown in /home/users/migdalta/public_html/szablon9/track_visit.php on line 171
[18-Apr-2025 11:25:51 Europe/Warsaw] PHP Fatal error:  Uncaught Error: Call to a member function setAttribute() on null in /home/users/migdalta/public_html/szablon9/track_visit.php:171
Stack trace:
#0 {main}
  thrown in /home/users/migdalta/public_html/szablon9/track_visit.php on line 171
[18-Apr-2025 11:25:51 Europe/Warsaw] PHP Fatal error:  Uncaught Error: Call to a member function setAttribute() on null in /home/users/migdalta/public_html/szablon9/track_visit.php:171
Stack trace:
#0 {main}
  thrown in /home/users/migdalta/public_html/szablon9/track_visit.php on line 171
[18-Apr-2025 11:25:53 Europe/Warsaw] PHP Fatal error:  Uncaught Error: Call to a member function setAttribute() on null in /home/users/migdalta/public_html/szablon9/track_visit.php:171
Stack trace:
#0 {main}
  thrown in /home/users/migdalta/public_html/szablon9/track_visit.php on line 171
[18-Apr-2025 11:25:53 Europe/Warsaw] PHP Fatal error:  Uncaught Error: Call to a member function setAttribute() on null in /home/users/migdalta/public_html/szablon9/track_visit.php:171
Stack trace:
#0 {main}
  thrown in /home/users/migdalta/public_html/szablon9/track_visit.php on line 171
[18-Apr-2025 11:25:53 Europe/Warsaw] PHP Fatal error:  Uncaught Error: Call to a member function setAttribute() on null in /home/users/migdalta/public_html/szablon9/track_visit.php:171
Stack trace:
#0 {main}
  thrown in /home/users/migdalta/public_html/szablon9/track_visit.php on line 171
[18-Apr-2025 11:26:23 Europe/Warsaw] PHP Fatal error:  Uncaught Error: Call to a member function setAttribute() on null in /home/users/migdalta/public_html/szablon9/track_visit.php:171
Stack trace:
#0 {main}
  thrown in /home/users/migdalta/public_html/szablon9/track_visit.php on line 171
[18-Apr-2025 11:26:53 Europe/Warsaw] PHP Fatal error:  Uncaught Error: Call to a member function setAttribute() on null in /home/users/migdalta/public_html/szablon9/track_visit.php:171
Stack trace:
#0 {main}
  thrown in /home/users/migdalta/public_html/szablon9/track_visit.php on line 171
[18-Apr-2025 11:27:05 Europe/Warsaw] PHP Fatal error:  Uncaught Error: Call to a member function setAttribute() on null in /home/users/migdalta/public_html/szablon9/track_visit.php:171
Stack trace:
#0 {main}
  thrown in /home/users/migdalta/public_html/szablon9/track_visit.php on line 171
[18-Apr-2025 11:27:05 Europe/Warsaw] PHP Fatal error:  Uncaught Error: Call to a member function setAttribute() on null in /home/users/migdalta/public_html/szablon9/track_visit.php:171
Stack trace:
#0 {main}
  thrown in /home/users/migdalta/public_html/szablon9/track_visit.php on line 171
[18-Apr-2025 11:27:07 Europe/Warsaw] PHP Fatal error:  Uncaught Error: Call to a member function setAttribute() on null in /home/users/migdalta/public_html/szablon9/track_visit.php:171
Stack trace:
#0 {main}
  thrown in /home/users/migdalta/public_html/szablon9/track_visit.php on line 171
[18-Apr-2025 11:27:07 Europe/Warsaw] PHP Fatal error:  Uncaught Error: Call to a member function setAttribute() on null in /home/users/migdalta/public_html/szablon9/track_visit.php:171
Stack trace:
#0 {main}
  thrown in /home/users/migdalta/public_html/szablon9/track_visit.php on line 171
[18-Apr-2025 11:27:07 Europe/Warsaw] PHP Fatal error:  Uncaught Error: Call to a member function setAttribute() on null in /home/users/migdalta/public_html/szablon9/track_visit.php:171
Stack trace:
#0 {main}
  thrown in /home/users/migdalta/public_html/szablon9/track_visit.php on line 171
[18-Apr-2025 11:27:09 Europe/Warsaw] PHP Fatal error:  Uncaught Error: Call to a member function setAttribute() on null in /home/users/migdalta/public_html/szablon9/track_visit.php:171
Stack trace:
#0 {main}
  thrown in /home/users/migdalta/public_html/szablon9/track_visit.php on line 171
[18-Apr-2025 11:27:09 Europe/Warsaw] PHP Fatal error:  Uncaught Error: Call to a member function setAttribute() on null in /home/users/migdalta/public_html/szablon9/track_visit.php:171
Stack trace:
#0 {main}
  thrown in /home/users/migdalta/public_html/szablon9/track_visit.php on line 171
[18-Apr-2025 11:27:09 Europe/Warsaw] PHP Fatal error:  Uncaught Error: Call to a member function setAttribute() on null in /home/users/migdalta/public_html/szablon9/track_visit.php:171
Stack trace:
#0 {main}
  thrown in /home/users/migdalta/public_html/szablon9/track_visit.php on line 171
[18-Apr-2025 11:27:39 Europe/Warsaw] PHP Fatal error:  Uncaught Error: Call to a member function setAttribute() on null in /home/users/migdalta/public_html/szablon9/track_visit.php:171
Stack trace:
#0 {main}
  thrown in /home/users/migdalta/public_html/szablon9/track_visit.php on line 171
[18-Apr-2025 11:28:09 Europe/Warsaw] PHP Fatal error:  Uncaught Error: Call to a member function setAttribute() on null in /home/users/migdalta/public_html/szablon9/track_visit.php:171
Stack trace:
#0 {main}
  thrown in /home/users/migdalta/public_html/szablon9/track_visit.php on line 171
[18-Apr-2025 11:28:19 Europe/Warsaw] PHP Fatal error:  Uncaught Error: Call to a member function setAttribute() on null in /home/users/migdalta/public_html/szablon9/track_visit.php:171
Stack trace:
#0 {main}
  thrown in /home/users/migdalta/public_html/szablon9/track_visit.php on line 171
[18-Apr-2025 11:28:19 Europe/Warsaw] PHP Fatal error:  Uncaught Error: Call to a member function setAttribute() on null in /home/users/migdalta/public_html/szablon9/track_visit.php:171
Stack trace:
#0 {main}
  thrown in /home/users/migdalta/public_html/szablon9/track_visit.php on line 171
[18-Apr-2025 11:28:33 Europe/Warsaw] PHP Fatal error:  Uncaught Error: Call to a member function setAttribute() on null in /home/users/migdalta/public_html/szablon9/track_visit.php:171
Stack trace:
#0 {main}
  thrown in /home/users/migdalta/public_html/szablon9/track_visit.php on line 171
[18-Apr-2025 11:28:33 Europe/Warsaw] PHP Fatal error:  Uncaught Error: Call to a member function setAttribute() on null in /home/users/migdalta/public_html/szablon9/track_visit.php:171
Stack trace:
#0 {main}
  thrown in /home/users/migdalta/public_html/szablon9/track_visit.php on line 171
[18-Apr-2025 11:28:35 Europe/Warsaw] PHP Fatal error:  Uncaught Error: Call to a member function setAttribute() on null in /home/users/migdalta/public_html/szablon9/track_visit.php:171
Stack trace:
#0 {main}
  thrown in /home/users/migdalta/public_html/szablon9/track_visit.php on line 171
[18-Apr-2025 11:28:35 Europe/Warsaw] PHP Fatal error:  Uncaught Error: Call to a member function setAttribute() on null in /home/users/migdalta/public_html/szablon9/track_visit.php:171
Stack trace:
#0 {main}
  thrown in /home/users/migdalta/public_html/szablon9/track_visit.php on line 171
[18-Apr-2025 11:28:37 Europe/Warsaw] PHP Fatal error:  Uncaught Error: Call to a member function setAttribute() on null in /home/users/migdalta/public_html/szablon9/track_visit.php:171
Stack trace:
#0 {main}
  thrown in /home/users/migdalta/public_html/szablon9/track_visit.php on line 171
[18-Apr-2025 11:28:37 Europe/Warsaw] PHP Fatal error:  Uncaught Error: Call to a member function setAttribute() on null in /home/users/migdalta/public_html/szablon9/track_visit.php:171
Stack trace:
#0 {main}
  thrown in /home/users/migdalta/public_html/szablon9/track_visit.php on line 171
[18-Apr-2025 11:28:37 Europe/Warsaw] PHP Fatal error:  Uncaught Error: Call to a member function setAttribute() on null in /home/users/migdalta/public_html/szablon9/track_visit.php:171
Stack trace:
#0 {main}
  thrown in /home/users/migdalta/public_html/szablon9/track_visit.php on line 171
[18-Apr-2025 11:28:39 Europe/Warsaw] PHP Fatal error:  Uncaught Error: Call to a member function setAttribute() on null in /home/users/migdalta/public_html/szablon9/track_visit.php:171
Stack trace:
#0 {main}
  thrown in /home/users/migdalta/public_html/szablon9/track_visit.php on line 171
[18-Apr-2025 11:28:39 Europe/Warsaw] PHP Fatal error:  Uncaught Error: Call to a member function setAttribute() on null in /home/users/migdalta/public_html/szablon9/track_visit.php:171
Stack trace:
#0 {main}
  thrown in /home/users/migdalta/public_html/szablon9/track_visit.php on line 171
[18-Apr-2025 11:28:39 Europe/Warsaw] PHP Fatal error:  Uncaught Error: Call to a member function setAttribute() on null in /home/users/migdalta/public_html/szablon9/track_visit.php:171
Stack trace:
#0 {main}
  thrown in /home/users/migdalta/public_html/szablon9/track_visit.php on line 171
[18-Apr-2025 11:29:09 Europe/Warsaw] PHP Fatal error:  Uncaught Error: Call to a member function setAttribute() on null in /home/users/migdalta/public_html/szablon9/track_visit.php:171
Stack trace:
#0 {main}
  thrown in /home/users/migdalta/public_html/szablon9/track_visit.php on line 171
[18-Apr-2025 11:29:39 Europe/Warsaw] PHP Fatal error:  Uncaught Error: Call to a member function setAttribute() on null in /home/users/migdalta/public_html/szablon9/track_visit.php:171
Stack trace:
#0 {main}
  thrown in /home/users/migdalta/public_html/szablon9/track_visit.php on line 171
[18-Apr-2025 11:29:59 Europe/Warsaw] PHP Fatal error:  Uncaught Error: Call to a member function setAttribute() on null in /home/users/migdalta/public_html/szablon9/track_visit.php:171
Stack trace:
#0 {main}
  thrown in /home/users/migdalta/public_html/szablon9/track_visit.php on line 171
[18-Apr-2025 11:29:59 Europe/Warsaw] PHP Fatal error:  Uncaught Error: Call to a member function setAttribute() on null in /home/users/migdalta/public_html/szablon9/track_visit.php:171
Stack trace:
#0 {main}
  thrown in /home/users/migdalta/public_html/szablon9/track_visit.php on line 171
[18-Apr-2025 11:30:01 Europe/Warsaw] PHP Fatal error:  Uncaught Error: Call to a member function setAttribute() on null in /home/users/migdalta/public_html/szablon9/track_visit.php:171
Stack trace:
#0 {main}
  thrown in /home/users/migdalta/public_html/szablon9/track_visit.php on line 171
[18-Apr-2025 11:30:01 Europe/Warsaw] PHP Fatal error:  Uncaught Error: Call to a member function setAttribute() on null in /home/users/migdalta/public_html/szablon9/track_visit.php:171
Stack trace:
#0 {main}
  thrown in /home/users/migdalta/public_html/szablon9/track_visit.php on line 171
[18-Apr-2025 11:30:01 Europe/Warsaw] PHP Fatal error:  Uncaught Error: Call to a member function setAttribute() on null in /home/users/migdalta/public_html/szablon9/track_visit.php:171
Stack trace:
#0 {main}
  thrown in /home/users/migdalta/public_html/szablon9/track_visit.php on line 171
[18-Apr-2025 11:30:02 Europe/Warsaw] PHP Fatal error:  Uncaught Error: Call to a member function setAttribute() on null in /home/users/migdalta/public_html/szablon9/track_visit.php:171
Stack trace:
#0 {main}
  thrown in /home/users/migdalta/public_html/szablon9/track_visit.php on line 171
[18-Apr-2025 11:30:02 Europe/Warsaw] PHP Fatal error:  Uncaught Error: Call to a member function setAttribute() on null in /home/users/migdalta/public_html/szablon9/track_visit.php:171
Stack trace:
#0 {main}
  thrown in /home/users/migdalta/public_html/szablon9/track_visit.php on line 171
[18-Apr-2025 11:30:02 Europe/Warsaw] PHP Fatal error:  Uncaught Error: Call to a member function setAttribute() on null in /home/users/migdalta/public_html/szablon9/track_visit.php:171
Stack trace:
#0 {main}
  thrown in /home/users/migdalta/public_html/szablon9/track_visit.php on line 171
[18-Apr-2025 11:30:33 Europe/Warsaw] PHP Fatal error:  Uncaught Error: Call to a member function setAttribute() on null in /home/users/migdalta/public_html/szablon9/track_visit.php:171
Stack trace:
#0 {main}
  thrown in /home/users/migdalta/public_html/szablon9/track_visit.php on line 171
[18-Apr-2025 11:31:03 Europe/Warsaw] PHP Fatal error:  Uncaught Error: Call to a member function setAttribute() on null in /home/users/migdalta/public_html/szablon9/track_visit.php:171
Stack trace:
#0 {main}
  thrown in /home/users/migdalta/public_html/szablon9/track_visit.php on line 171
[18-Apr-2025 11:31:33 Europe/Warsaw] PHP Fatal error:  Uncaught Error: Call to a member function setAttribute() on null in /home/users/migdalta/public_html/szablon9/track_visit.php:171
Stack trace:
#0 {main}
  thrown in /home/users/migdalta/public_html/szablon9/track_visit.php on line 171
[18-Apr-2025 11:32:03 Europe/Warsaw] PHP Fatal error:  Uncaught Error: Call to a member function setAttribute() on null in /home/users/migdalta/public_html/szablon9/track_visit.php:171
Stack trace:
#0 {main}
  thrown in /home/users/migdalta/public_html/szablon9/track_visit.php on line 171
[18-Apr-2025 11:33:01 Europe/Warsaw] PHP Fatal error:  Uncaught Error: Call to a member function setAttribute() on null in /home/users/migdalta/public_html/szablon9/track_visit.php:171
Stack trace:
#0 {main}
  thrown in /home/users/migdalta/public_html/szablon9/track_visit.php on line 171
[18-Apr-2025 11:34:01 Europe/Warsaw] PHP Fatal error:  Uncaught Error: Call to a member function setAttribute() on null in /home/users/migdalta/public_html/szablon9/track_visit.php:171
Stack trace:
#0 {main}
  thrown in /home/users/migdalta/public_html/szablon9/track_visit.php on line 171
[18-Apr-2025 11:34:08 Europe/Warsaw] PHP Fatal error:  Uncaught Error: Call to a member function setAttribute() on null in /home/users/migdalta/public_html/szablon9/track_visit.php:171
Stack trace:
#0 {main}
  thrown in /home/users/migdalta/public_html/szablon9/track_visit.php on line 171
[18-Apr-2025 11:34:08 Europe/Warsaw] PHP Fatal error:  Uncaught Error: Call to a member function setAttribute() on null in /home/users/migdalta/public_html/szablon9/track_visit.php:171
Stack trace:
#0 {main}
  thrown in /home/users/migdalta/public_html/szablon9/track_visit.php on line 171
[18-Apr-2025 11:34:10 Europe/Warsaw] PHP Fatal error:  Uncaught Error: Call to a member function setAttribute() on null in /home/users/migdalta/public_html/szablon9/track_visit.php:171
Stack trace:
#0 {main}
  thrown in /home/users/migdalta/public_html/szablon9/track_visit.php on line 171
[18-Apr-2025 11:34:10 Europe/Warsaw] PHP Fatal error:  Uncaught Error: Call to a member function setAttribute() on null in /home/users/migdalta/public_html/szablon9/track_visit.php:171
Stack trace:
#0 {main}
  thrown in /home/users/migdalta/public_html/szablon9/track_visit.php on line 171
[18-Apr-2025 11:34:10 Europe/Warsaw] PHP Fatal error:  Uncaught Error: Call to a member function setAttribute() on null in /home/users/migdalta/public_html/szablon9/track_visit.php:171
Stack trace:
#0 {main}
  thrown in /home/users/migdalta/public_html/szablon9/track_visit.php on line 171
[18-Apr-2025 11:34:40 Europe/Warsaw] PHP Fatal error:  Uncaught Error: Call to a member function setAttribute() on null in /home/users/migdalta/public_html/szablon9/track_visit.php:171
Stack trace:
#0 {main}
  thrown in /home/users/migdalta/public_html/szablon9/track_visit.php on line 171
[18-Apr-2025 11:35:10 Europe/Warsaw] PHP Fatal error:  Uncaught Error: Call to a member function setAttribute() on null in /home/users/migdalta/public_html/szablon9/track_visit.php:171
Stack trace:
#0 {main}
  thrown in /home/users/migdalta/public_html/szablon9/track_visit.php on line 171
[18-Apr-2025 11:36:11 Europe/Warsaw] PHP Fatal error:  Uncaught Error: Call to a member function setAttribute() on null in /home/users/migdalta/public_html/szablon9/track_visit.php:171
Stack trace:
#0 {main}
  thrown in /home/users/migdalta/public_html/szablon9/track_visit.php on line 171
[18-Apr-2025 11:36:24 Europe/Warsaw] PHP Fatal error:  Uncaught Error: Call to a member function setAttribute() on null in /home/users/migdalta/public_html/szablon9/track_visit.php:171
Stack trace:
#0 {main}
  thrown in /home/users/migdalta/public_html/szablon9/track_visit.php on line 171
[18-Apr-2025 11:36:24 Europe/Warsaw] PHP Fatal error:  Uncaught Error: Call to a member function setAttribute() on null in /home/users/migdalta/public_html/szablon9/track_visit.php:171
Stack trace:
#0 {main}
  thrown in /home/users/migdalta/public_html/szablon9/track_visit.php on line 171
[18-Apr-2025 11:36:25 Europe/Warsaw] PHP Fatal error:  Uncaught Error: Call to a member function setAttribute() on null in /home/users/migdalta/public_html/szablon9/track_visit.php:171
Stack trace:
#0 {main}
  thrown in /home/users/migdalta/public_html/szablon9/track_visit.php on line 171
[18-Apr-2025 11:36:25 Europe/Warsaw] PHP Fatal error:  Uncaught Error: Call to a member function setAttribute() on null in /home/users/migdalta/public_html/szablon9/track_visit.php:171
Stack trace:
#0 {main}
  thrown in /home/users/migdalta/public_html/szablon9/track_visit.php on line 171
[18-Apr-2025 11:36:25 Europe/Warsaw] PHP Fatal error:  Uncaught Error: Call to a member function setAttribute() on null in /home/users/migdalta/public_html/szablon9/track_visit.php:171
Stack trace:
#0 {main}
  thrown in /home/users/migdalta/public_html/szablon9/track_visit.php on line 171
[18-Apr-2025 11:36:55 Europe/Warsaw] PHP Fatal error:  Uncaught Error: Call to a member function setAttribute() on null in /home/users/migdalta/public_html/szablon9/track_visit.php:171
Stack trace:
#0 {main}
  thrown in /home/users/migdalta/public_html/szablon9/track_visit.php on line 171
[18-Apr-2025 11:37:25 Europe/Warsaw] PHP Fatal error:  Uncaught Error: Call to a member function setAttribute() on null in /home/users/migdalta/public_html/szablon9/track_visit.php:171
Stack trace:
#0 {main}
  thrown in /home/users/migdalta/public_html/szablon9/track_visit.php on line 171
[18-Apr-2025 11:37:55 Europe/Warsaw] PHP Fatal error:  Uncaught Error: Call to a member function setAttribute() on null in /home/users/migdalta/public_html/szablon9/track_visit.php:171
Stack trace:
#0 {main}
  thrown in /home/users/migdalta/public_html/szablon9/track_visit.php on line 171
[18-Apr-2025 11:38:25 Europe/Warsaw] PHP Fatal error:  Uncaught Error: Call to a member function setAttribute() on null in /home/users/migdalta/public_html/szablon9/track_visit.php:171
Stack trace:
#0 {main}
  thrown in /home/users/migdalta/public_html/szablon9/track_visit.php on line 171
[18-Apr-2025 11:38:59 Europe/Warsaw] PHP Fatal error:  Uncaught Error: Call to a member function setAttribute() on null in /home/users/migdalta/public_html/szablon9/track_visit.php:171
Stack trace:
#0 {main}
  thrown in /home/users/migdalta/public_html/szablon9/track_visit.php on line 171
[18-Apr-2025 11:38:59 Europe/Warsaw] PHP Fatal error:  Uncaught Error: Call to a member function setAttribute() on null in /home/users/migdalta/public_html/szablon9/track_visit.php:171
Stack trace:
#0 {main}
  thrown in /home/users/migdalta/public_html/szablon9/track_visit.php on line 171
[18-Apr-2025 11:38:59 Europe/Warsaw] PHP Fatal error:  Uncaught Error: Call to a member function setAttribute() on null in /home/users/migdalta/public_html/szablon9/track_visit.php:171
Stack trace:
#0 {main}
  thrown in /home/users/migdalta/public_html/szablon9/track_visit.php on line 171
[18-Apr-2025 11:39:00 Europe/Warsaw] PHP Fatal error:  Uncaught Error: Call to a member function setAttribute() on null in /home/users/migdalta/public_html/szablon9/track_visit.php:171
Stack trace:
#0 {main}
  thrown in /home/users/migdalta/public_html/szablon9/track_visit.php on line 171
[18-Apr-2025 11:39:00 Europe/Warsaw] PHP Fatal error:  Uncaught Error: Call to a member function setAttribute() on null in /home/users/migdalta/public_html/szablon9/track_visit.php:171
Stack trace:
#0 {main}
  thrown in /home/users/migdalta/public_html/szablon9/track_visit.php on line 171
[18-Apr-2025 11:39:00 Europe/Warsaw] PHP Fatal error:  Uncaught Error: Call to a member function setAttribute() on null in /home/users/migdalta/public_html/szablon9/track_visit.php:171
Stack trace:
#0 {main}
  thrown in /home/users/migdalta/public_html/szablon9/track_visit.php on line 171
[18-Apr-2025 11:39:02 Europe/Warsaw] PHP Fatal error:  Uncaught Error: Call to a member function setAttribute() on null in /home/users/migdalta/public_html/szablon9/track_visit.php:171
Stack trace:
#0 {main}
  thrown in /home/users/migdalta/public_html/szablon9/track_visit.php on line 171
[18-Apr-2025 11:39:02 Europe/Warsaw] PHP Fatal error:  Uncaught Error: Call to a member function setAttribute() on null in /home/users/migdalta/public_html/szablon9/track_visit.php:171
Stack trace:
#0 {main}
  thrown in /home/users/migdalta/public_html/szablon9/track_visit.php on line 171
[18-Apr-2025 11:39:02 Europe/Warsaw] PHP Fatal error:  Uncaught Error: Call to a member function setAttribute() on null in /home/users/migdalta/public_html/szablon9/track_visit.php:171
Stack trace:
#0 {main}
  thrown in /home/users/migdalta/public_html/szablon9/track_visit.php on line 171
[18-Apr-2025 11:39:08 Europe/Warsaw] PHP Fatal error:  Uncaught Error: Call to a member function setAttribute() on null in /home/users/migdalta/public_html/szablon9/track_visit.php:171
Stack trace:
#0 {main}
  thrown in /home/users/migdalta/public_html/szablon9/track_visit.php on line 171
[18-Apr-2025 11:39:08 Europe/Warsaw] PHP Fatal error:  Uncaught Error: Call to a member function setAttribute() on null in /home/users/migdalta/public_html/szablon9/track_visit.php:171
Stack trace:
#0 {main}
  thrown in /home/users/migdalta/public_html/szablon9/track_visit.php on line 171
[18-Apr-2025 11:39:09 Europe/Warsaw] PHP Fatal error:  Uncaught Error: Call to a member function setAttribute() on null in /home/users/migdalta/public_html/szablon9/track_visit.php:171
Stack trace:
#0 {main}
  thrown in /home/users/migdalta/public_html/szablon9/track_visit.php on line 171
[18-Apr-2025 11:39:09 Europe/Warsaw] PHP Fatal error:  Uncaught Error: Call to a member function setAttribute() on null in /home/users/migdalta/public_html/szablon9/track_visit.php:171
Stack trace:
#0 {main}
  thrown in /home/users/migdalta/public_html/szablon9/track_visit.php on line 171
[18-Apr-2025 11:39:09 Europe/Warsaw] PHP Fatal error:  Uncaught Error: Call to a member function setAttribute() on null in /home/users/migdalta/public_html/szablon9/track_visit.php:171
Stack trace:
#0 {main}
  thrown in /home/users/migdalta/public_html/szablon9/track_visit.php on line 171
[18-Apr-2025 11:39:39 Europe/Warsaw] PHP Fatal error:  Uncaught Error: Call to a member function setAttribute() on null in /home/users/migdalta/public_html/szablon9/track_visit.php:171
Stack trace:
#0 {main}
  thrown in /home/users/migdalta/public_html/szablon9/track_visit.php on line 171
[18-Apr-2025 11:40:09 Europe/Warsaw] PHP Fatal error:  Uncaught Error: Call to a member function setAttribute() on null in /home/users/migdalta/public_html/szablon9/track_visit.php:171
Stack trace:
#0 {main}
  thrown in /home/users/migdalta/public_html/szablon9/track_visit.php on line 171
[18-Apr-2025 11:40:39 Europe/Warsaw] PHP Fatal error:  Uncaught Error: Call to a member function setAttribute() on null in /home/users/migdalta/public_html/szablon9/track_visit.php:171
Stack trace:
#0 {main}
  thrown in /home/users/migdalta/public_html/szablon9/track_visit.php on line 171
[18-Apr-2025 11:40:41 Europe/Warsaw] PHP Fatal error:  Uncaught Error: Call to a member function setAttribute() on null in /home/users/migdalta/public_html/szablon9/track_visit.php:171
Stack trace:
#0 {main}
  thrown in /home/users/migdalta/public_html/szablon9/track_visit.php on line 171
[18-Apr-2025 11:40:41 Europe/Warsaw] PHP Fatal error:  Uncaught Error: Call to a member function setAttribute() on null in /home/users/migdalta/public_html/szablon9/track_visit.php:171
Stack trace:
#0 {main}
  thrown in /home/users/migdalta/public_html/szablon9/track_visit.php on line 171
[18-Apr-2025 11:41:02 Europe/Warsaw] PHP Fatal error:  Uncaught Error: Call to a member function setAttribute() on null in /home/users/migdalta/public_html/szablon9/track_visit.php:171
Stack trace:
#0 {main}
  thrown in /home/users/migdalta/public_html/szablon9/track_visit.php on line 171
[18-Apr-2025 11:41:02 Europe/Warsaw] PHP Fatal error:  Uncaught Error: Call to a member function setAttribute() on null in /home/users/migdalta/public_html/szablon9/track_visit.php:171
Stack trace:
#0 {main}
  thrown in /home/users/migdalta/public_html/szablon9/track_visit.php on line 171
[18-Apr-2025 11:41:04 Europe/Warsaw] PHP Fatal error:  Uncaught Error: Call to a member function setAttribute() on null in /home/users/migdalta/public_html/szablon9/track_visit.php:171
Stack trace:
#0 {main}
  thrown in /home/users/migdalta/public_html/szablon9/track_visit.php on line 171
[18-Apr-2025 11:41:04 Europe/Warsaw] PHP Fatal error:  Uncaught Error: Call to a member function setAttribute() on null in /home/users/migdalta/public_html/szablon9/track_visit.php:171
Stack trace:
#0 {main}
  thrown in /home/users/migdalta/public_html/szablon9/track_visit.php on line 171
[18-Apr-2025 11:41:04 Europe/Warsaw] PHP Fatal error:  Uncaught Error: Call to a member function setAttribute() on null in /home/users/migdalta/public_html/szablon9/track_visit.php:171
Stack trace:
#0 {main}
  thrown in /home/users/migdalta/public_html/szablon9/track_visit.php on line 171
[18-Apr-2025 11:41:06 Europe/Warsaw] PHP Fatal error:  Uncaught Error: Call to a member function setAttribute() on null in /home/users/migdalta/public_html/szablon9/track_visit.php:171
Stack trace:
#0 {main}
  thrown in /home/users/migdalta/public_html/szablon9/track_visit.php on line 171
[18-Apr-2025 11:41:06 Europe/Warsaw] PHP Fatal error:  Uncaught Error: Call to a member function setAttribute() on null in /home/users/migdalta/public_html/szablon9/track_visit.php:171
Stack trace:
#0 {main}
  thrown in /home/users/migdalta/public_html/szablon9/track_visit.php on line 171
[18-Apr-2025 11:41:06 Europe/Warsaw] PHP Fatal error:  Uncaught Error: Call to a member function setAttribute() on null in /home/users/migdalta/public_html/szablon9/track_visit.php:171
Stack trace:
#0 {main}
  thrown in /home/users/migdalta/public_html/szablon9/track_visit.php on line 171
[18-Apr-2025 11:41:18 Europe/Warsaw] PHP Fatal error:  Uncaught Error: Call to a member function setAttribute() on null in /home/users/migdalta/public_html/szablon9/track_visit.php:171
Stack trace:
#0 {main}
  thrown in /home/users/migdalta/public_html/szablon9/track_visit.php on line 171
[18-Apr-2025 11:41:18 Europe/Warsaw] PHP Fatal error:  Uncaught Error: Call to a member function setAttribute() on null in /home/users/migdalta/public_html/szablon9/track_visit.php:171
Stack trace:
#0 {main}
  thrown in /home/users/migdalta/public_html/szablon9/track_visit.php on line 171
[18-Apr-2025 11:41:18 Europe/Warsaw] PHP Fatal error:  Uncaught Error: Call to a member function setAttribute() on null in /home/users/migdalta/public_html/szablon9/track_visit.php:171
Stack trace:
#0 {main}
  thrown in /home/users/migdalta/public_html/szablon9/track_visit.php on line 171
[18-Apr-2025 11:41:20 Europe/Warsaw] PHP Fatal error:  Uncaught Error: Call to a member function setAttribute() on null in /home/users/migdalta/public_html/szablon9/track_visit.php:171
Stack trace:
#0 {main}
  thrown in /home/users/migdalta/public_html/szablon9/track_visit.php on line 171
[18-Apr-2025 11:41:20 Europe/Warsaw] PHP Fatal error:  Uncaught Error: Call to a member function setAttribute() on null in /home/users/migdalta/public_html/szablon9/track_visit.php:171
Stack trace:
#0 {main}
  thrown in /home/users/migdalta/public_html/szablon9/track_visit.php on line 171
[18-Apr-2025 11:41:20 Europe/Warsaw] PHP Fatal error:  Uncaught Error: Call to a member function setAttribute() on null in /home/users/migdalta/public_html/szablon9/track_visit.php:171
Stack trace:
#0 {main}
  thrown in /home/users/migdalta/public_html/szablon9/track_visit.php on line 171
[18-Apr-2025 11:41:50 Europe/Warsaw] PHP Fatal error:  Uncaught Error: Call to a member function setAttribute() on null in /home/users/migdalta/public_html/szablon9/track_visit.php:171
Stack trace:
#0 {main}
  thrown in /home/users/migdalta/public_html/szablon9/track_visit.php on line 171
[18-Apr-2025 11:42:20 Europe/Warsaw] PHP Fatal error:  Uncaught Error: Call to a member function setAttribute() on null in /home/users/migdalta/public_html/szablon9/track_visit.php:171
Stack trace:
#0 {main}
  thrown in /home/users/migdalta/public_html/szablon9/track_visit.php on line 171
[18-Apr-2025 11:42:50 Europe/Warsaw] PHP Fatal error:  Uncaught Error: Call to a member function setAttribute() on null in /home/users/migdalta/public_html/szablon9/track_visit.php:171
Stack trace:
#0 {main}
  thrown in /home/users/migdalta/public_html/szablon9/track_visit.php on line 171
[18-Apr-2025 11:42:56 Europe/Warsaw] PHP Fatal error:  Uncaught Error: Call to a member function setAttribute() on null in /home/users/migdalta/public_html/szablon9/track_visit.php:171
Stack trace:
#0 {main}
  thrown in /home/users/migdalta/public_html/szablon9/track_visit.php on line 171
[18-Apr-2025 11:42:56 Europe/Warsaw] PHP Fatal error:  Uncaught Error: Call to a member function setAttribute() on null in /home/users/migdalta/public_html/szablon9/track_visit.php:171
Stack trace:
#0 {main}
  thrown in /home/users/migdalta/public_html/szablon9/track_visit.php on line 171
[18-Apr-2025 11:42:57 Europe/Warsaw] PHP Fatal error:  Uncaught Error: Call to a member function setAttribute() on null in /home/users/migdalta/public_html/szablon9/track_visit.php:171
Stack trace:
#0 {main}
  thrown in /home/users/migdalta/public_html/szablon9/track_visit.php on line 171
[18-Apr-2025 11:42:57 Europe/Warsaw] PHP Fatal error:  Uncaught Error: Call to a member function setAttribute() on null in /home/users/migdalta/public_html/szablon9/track_visit.php:171
Stack trace:
#0 {main}
  thrown in /home/users/migdalta/public_html/szablon9/track_visit.php on line 171
[18-Apr-2025 11:42:57 Europe/Warsaw] PHP Fatal error:  Uncaught Error: Call to a member function setAttribute() on null in /home/users/migdalta/public_html/szablon9/track_visit.php:171
Stack trace:
#0 {main}
  thrown in /home/users/migdalta/public_html/szablon9/track_visit.php on line 171
[18-Apr-2025 11:43:27 Europe/Warsaw] PHP Fatal error:  Uncaught Error: Call to a member function setAttribute() on null in /home/users/migdalta/public_html/szablon9/track_visit.php:171
Stack trace:
#0 {main}
  thrown in /home/users/migdalta/public_html/szablon9/track_visit.php on line 171
[18-Apr-2025 11:43:31 Europe/Warsaw] PHP Fatal error:  Uncaught Error: Call to a member function setAttribute() on null in /home/users/migdalta/public_html/szablon9/track_visit.php:171
Stack trace:
#0 {main}
  thrown in /home/users/migdalta/public_html/szablon9/track_visit.php on line 171
[18-Apr-2025 11:43:31 Europe/Warsaw] PHP Fatal error:  Uncaught Error: Call to a member function setAttribute() on null in /home/users/migdalta/public_html/szablon9/track_visit.php:171
Stack trace:
#0 {main}
  thrown in /home/users/migdalta/public_html/szablon9/track_visit.php on line 171
[18-Apr-2025 11:43:32 Europe/Warsaw] PHP Fatal error:  Uncaught Error: Call to a member function setAttribute() on null in /home/users/migdalta/public_html/szablon9/track_visit.php:171
Stack trace:
#0 {main}
  thrown in /home/users/migdalta/public_html/szablon9/track_visit.php on line 171
[18-Apr-2025 11:43:32 Europe/Warsaw] PHP Fatal error:  Uncaught Error: Call to a member function setAttribute() on null in /home/users/migdalta/public_html/szablon9/track_visit.php:171
Stack trace:
#0 {main}
  thrown in /home/users/migdalta/public_html/szablon9/track_visit.php on line 171
[18-Apr-2025 11:43:32 Europe/Warsaw] PHP Fatal error:  Uncaught Error: Call to a member function setAttribute() on null in /home/users/migdalta/public_html/szablon9/track_visit.php:171
Stack trace:
#0 {main}
  thrown in /home/users/migdalta/public_html/szablon9/track_visit.php on line 171
[18-Apr-2025 11:44:02 Europe/Warsaw] PHP Fatal error:  Uncaught Error: Call to a member function setAttribute() on null in /home/users/migdalta/public_html/szablon9/track_visit.php:171
Stack trace:
#0 {main}
  thrown in /home/users/migdalta/public_html/szablon9/track_visit.php on line 171
[18-Apr-2025 11:44:32 Europe/Warsaw] PHP Fatal error:  Uncaught Error: Call to a member function setAttribute() on null in /home/users/migdalta/public_html/szablon9/track_visit.php:171
Stack trace:
#0 {main}
  thrown in /home/users/migdalta/public_html/szablon9/track_visit.php on line 171
[18-Apr-2025 11:44:50 Europe/Warsaw] PHP Fatal error:  Uncaught Error: Call to a member function setAttribute() on null in /home/users/migdalta/public_html/szablon9/track_visit.php:171
Stack trace:
#0 {main}
  thrown in /home/users/migdalta/public_html/szablon9/track_visit.php on line 171
[18-Apr-2025 11:44:50 Europe/Warsaw] PHP Fatal error:  Uncaught Error: Call to a member function setAttribute() on null in /home/users/migdalta/public_html/szablon9/track_visit.php:171
Stack trace:
#0 {main}
  thrown in /home/users/migdalta/public_html/szablon9/track_visit.php on line 171
[18-Apr-2025 11:45:02 Europe/Warsaw] PHP Fatal error:  Uncaught Error: Call to a member function setAttribute() on null in /home/users/migdalta/public_html/szablon9/track_visit.php:171
Stack trace:
#0 {main}
  thrown in /home/users/migdalta/public_html/szablon9/track_visit.php on line 171
[18-Apr-2025 11:45:11 Europe/Warsaw] PHP Fatal error:  Uncaught Error: Call to a member function setAttribute() on null in /home/users/migdalta/public_html/szablon9/track_visit.php:171
Stack trace:
#0 {main}
  thrown in /home/users/migdalta/public_html/szablon9/track_visit.php on line 171
[18-Apr-2025 11:45:11 Europe/Warsaw] PHP Fatal error:  Uncaught Error: Call to a member function setAttribute() on null in /home/users/migdalta/public_html/szablon9/track_visit.php:171
Stack trace:
#0 {main}
  thrown in /home/users/migdalta/public_html/szablon9/track_visit.php on line 171
[18-Apr-2025 11:45:13 Europe/Warsaw] PHP Fatal error:  Uncaught Error: Call to a member function setAttribute() on null in /home/users/migdalta/public_html/szablon9/track_visit.php:171
Stack trace:
#0 {main}
  thrown in /home/users/migdalta/public_html/szablon9/track_visit.php on line 171
[18-Apr-2025 11:45:13 Europe/Warsaw] PHP Fatal error:  Uncaught Error: Call to a member function setAttribute() on null in /home/users/migdalta/public_html/szablon9/track_visit.php:171
Stack trace:
#0 {main}
  thrown in /home/users/migdalta/public_html/szablon9/track_visit.php on line 171
[18-Apr-2025 11:45:13 Europe/Warsaw] PHP Fatal error:  Uncaught Error: Call to a member function setAttribute() on null in /home/users/migdalta/public_html/szablon9/track_visit.php:171
Stack trace:
#0 {main}
  thrown in /home/users/migdalta/public_html/szablon9/track_visit.php on line 171
[18-Apr-2025 11:45:19 Europe/Warsaw] PHP Fatal error:  Uncaught Error: Call to a member function setAttribute() on null in /home/users/migdalta/public_html/szablon9/track_visit.php:171
Stack trace:
#0 {main}
  thrown in /home/users/migdalta/public_html/szablon9/track_visit.php on line 171
[18-Apr-2025 11:45:19 Europe/Warsaw] PHP Fatal error:  Uncaught Error: Call to a member function setAttribute() on null in /home/users/migdalta/public_html/szablon9/track_visit.php:171
Stack trace:
#0 {main}
  thrown in /home/users/migdalta/public_html/szablon9/track_visit.php on line 171
[18-Apr-2025 11:45:20 Europe/Warsaw] PHP Fatal error:  Uncaught Error: Call to a member function setAttribute() on null in /home/users/migdalta/public_html/szablon9/track_visit.php:171
Stack trace:
#0 {main}
  thrown in /home/users/migdalta/public_html/szablon9/track_visit.php on line 171
[18-Apr-2025 11:45:20 Europe/Warsaw] PHP Fatal error:  Uncaught Error: Call to a member function setAttribute() on null in /home/users/migdalta/public_html/szablon9/track_visit.php:171
Stack trace:
#0 {main}
  thrown in /home/users/migdalta/public_html/szablon9/track_visit.php on line 171
[18-Apr-2025 11:45:20 Europe/Warsaw] PHP Fatal error:  Uncaught Error: Call to a member function setAttribute() on null in /home/users/migdalta/public_html/szablon9/track_visit.php:171
Stack trace:
#0 {main}
  thrown in /home/users/migdalta/public_html/szablon9/track_visit.php on line 171
[18-Apr-2025 11:45:40 Europe/Warsaw] PHP Fatal error:  Uncaught Error: Call to a member function setAttribute() on null in /home/users/migdalta/public_html/szablon9/track_visit.php:171
Stack trace:
#0 {main}
  thrown in /home/users/migdalta/public_html/szablon9/track_visit.php on line 171
[18-Apr-2025 11:45:40 Europe/Warsaw] PHP Fatal error:  Uncaught Error: Call to a member function setAttribute() on null in /home/users/migdalta/public_html/szablon9/track_visit.php:171
Stack trace:
#0 {main}
  thrown in /home/users/migdalta/public_html/szablon9/track_visit.php on line 171
